<?xml version='1.0' encoding='UTF-8'?>
<testsuite hostname="Stephane-Tankoua" name="example.HelloSpec" tests="3" errors="0" failures="0" skipped="0" time="0.012" timestamp="2023-06-21T01:31:09">
          <properties>
      <property name="awt.toolkit" value="sun.lwawt.macosx.LWCToolkit"/><property name="java.specification.version" value="11"/><property name="sun.cpu.isalist" value=""/><property name="sun.jnu.encoding" value="UTF-8"/><property name="sun.arch.data.model" value="64"/><property name="java.vendor.url" value="https://adoptium.net/"/><property name="sun.boot.library.path" value="/Library/Java/JavaVirtualMachines/openjdk11-temurin/Contents/Home/lib"/><property name="sun.java.command" value="/opt/local/share/sbt/bin/sbt-launch.jar"/><property name="jdk.debug" value="release"/><property name="java.specification.vendor" value="Oracle Corporation"/><property name="java.version.date" value="2022-08-12"/><property name="java.home" value="/Library/Java/JavaVirtualMachines/openjdk11-temurin/Contents/Home"/><property name="file.separator" value="/"/><property name="java.vm.compressedOopsMode" value="Zero based"/><property name="line.separator" value="
"/><property name="java.specification.name" value="Java Platform API Specification"/><property name="java.vm.specification.vendor" value="Oracle Corporation"/><property name="sun.management.compiler" value="HotSpot 64-Bit Tiered Compilers"/><property name="java.runtime.version" value="11.0.16.1+1"/><property name="user.name" value="stephanetankoua"/><property name="log4j.ignoreTCL" value="true"/><property name="file.encoding" value="UTF-8"/><property name="java.vendor.version" value="Temurin-11.0.16.1+1"/><property name="java.io.tmpdir" value="/var/folders/35/w8w6bzyx2zngk1v2g8jkgxp00000gp/T/"/><property name="java.version" value="11.0.16.1"/><property name="java.vm.specification.name" value="Java Virtual Machine Specification"/><property name="java.awt.printerjob" value="sun.lwawt.macosx.CPrinterJob"/><property name="sun.os.patch.level" value="unknown"/><property name="java.library.path" value="/Users/stephanetankoua/Library/Java/Extensions:/Library/Java/Extensions:/Network/Library/Java/Extensions:/System/Library/Java/Extensions:/usr/lib/java:."/><property name="java.vendor" value="Eclipse Adoptium"/><property name="scala.ext.dirs" value="/Users/stephanetankoua/.sbt/1.0/java9-rt-ext-eclipse_adoptium_11_0_16_1"/><property name="sun.io.unicode.encoding" value="UnicodeBig"/><property name="socksNonProxyHosts" value="local|*.local|169.254/16|*.169.254/16"/><property name="gopherProxySet" value="false"/><property name="java.class.path" value="/opt/local/share/sbt/bin/sbt-launch.jar"/><property name="java.vm.vendor" value="Eclipse Adoptium"/><property name="jline.shutdownhook" value="false"/><property name="user.timezone" value="Europe/Paris"/><property name="os.name" value="Mac OS X"/><property name="java.vm.specification.version" value="11"/><property name="sun.java.launcher" value="SUN_STANDARD"/><property name="user.country" value="FR"/><property name="http.nonProxyHosts" value="local|*.local|169.254/16|*.169.254/16"/><property name="sun.cpu.endian" value="little"/><property name="user.home" value="/Users/stephanetankoua"/><property name="user.language" value="fr"/><property name="sbt.script" value="/opt/local/bin/sbt"/><property name="sbt.ipcsocket.tmpdir" value="/var/folders/35/w8w6bzyx2zngk1v2g8jkgxp00000gp/T/.sbt5c9f9885/ipcsocket"/><property name="swoval.tmpdir" value="/var/folders/35/w8w6bzyx2zngk1v2g8jkgxp00000gp/T/.sbt5c9f9885/swoval"/><property name="java.awt.graphicsenv" value="sun.awt.CGraphicsEnvironment"/><property name="jline.esc.timeout" value="0"/><property name="ftp.nonProxyHosts" value="local|*.local|169.254/16|*.169.254/16"/><property name="path.separator" value=":"/><property name="os.version" value="12.0.1"/><property name="jna.nosys" value="true"/><property name="java.runtime.name" value="OpenJDK Runtime Environment"/><property name="java.vm.name" value="OpenJDK 64-Bit Server VM"/><property name="java.vendor.url.bug" value="https://github.com/adoptium/adoptium-support/issues"/><property name="user.dir" value="/Users/stephanetankoua/Documents/professional/presentations/introduction-prog-fonctionelle/v2/exams/projet/funprog-al"/><property name="os.arch" value="aarch64"/><property name="java.vm.info" value="mixed mode"/><property name="java.vm.version" value="11.0.16.1+1"/><property name="java.class.version" value="55.0"/>
    </properties>
          <testcase classname="example.HelloSpec" name="The Hello object should say hello" time="0.011">
                      
                    </testcase><testcase classname="example.HelloSpec" name="Hello size is equals to 5" time="0.001">
                      
                    </testcase><testcase classname="example.HelloSpec" name="&quot;Hello&quot;(6) should throw a &quot;java.lang.StringIndexOutOfBoundsException&quot;" time="0.0">
                      
                    </testcase>
          <system-out><![CDATA[]]></system-out>
          <system-err><![CDATA[]]></system-err>
        </testsuite>